{"C:\\Users\\Harsha\\Documents\\Final Epr\\backend\\src\\utils\\gstHelper.js": {"path":"C:\\Users\\Harsha\\Documents\\Final Epr\\backend\\src\\utils\\gstHelper.js","statementMap":{"0":{"start":{"line":1,"column":24},"end":{"line":1,"column":47}},"1":{"start":{"line":3,"column":18},"end":{"line":3,"column":36}},"2":{"start":{"line":8,"column":21},"end":{"line":25,"column":1}},"3":{"start":{"line":9,"column":4},"end":{"line":15,"column":5}},"4":{"start":{"line":10,"column":8},"end":{"line":14,"column":10}},"5":{"start":{"line":17,"column":22},"end":{"line":17,"column":56}},"6":{"start":{"line":18,"column":24},"end":{"line":18,"column":46}},"7":{"start":{"line":20,"column":4},"end":{"line":24,"column":6}},"8":{"start":{"line":31,"column":30},"end":{"line":49,"column":1}},"9":{"start":{"line":32,"column":4},"end":{"line":38,"column":5}},"10":{"start":{"line":33,"column":8},"end":{"line":37,"column":10}},"11":{"start":{"line":41,"column":23},"end":{"line":41,"column":64}},"12":{"start":{"line":42,"column":22},"end":{"line":42,"column":46}},"13":{"start":{"line":44,"column":4},"end":{"line":48,"column":6}},"14":{"start":{"line":55,"column":30},"end":{"line":57,"column":1}},"15":{"start":{"line":56,"column":4},"end":{"line":56,"column":54}},"16":{"start":{"line":62,"column":34},"end":{"line":73,"column":1}},"17":{"start":{"line":63,"column":4},"end":{"line":65,"column":5}},"18":{"start":{"line":64,"column":8},"end":{"line":64,"column":28}},"19":{"start":{"line":67,"column":4},"end":{"line":72,"column":8}},"20":{"start":{"line":67,"column":34},"end":{"line":72,"column":5}},"21":{"start":{"line":75,"column":0},"end":{"line":81,"column":2}}},"fnMap":{"0":{"name":"(anonymous_0)","decl":{"start":{"line":8,"column":21},"end":{"line":8,"column":22}},"loc":{"start":{"line":8,"column":52},"end":{"line":25,"column":1}},"line":8},"1":{"name":"(anonymous_1)","decl":{"start":{"line":31,"column":30},"end":{"line":31,"column":31}},"loc":{"start":{"line":31,"column":62},"end":{"line":49,"column":1}},"line":31},"2":{"name":"(anonymous_2)","decl":{"start":{"line":55,"column":30},"end":{"line":55,"column":31}},"loc":{"start":{"line":55,"column":46},"end":{"line":57,"column":1}},"line":55},"3":{"name":"(anonymous_3)","decl":{"start":{"line":62,"column":34},"end":{"line":62,"column":35}},"loc":{"start":{"line":62,"column":47},"end":{"line":73,"column":1}},"line":62},"4":{"name":"(anonymous_4)","decl":{"start":{"line":67,"column":23},"end":{"line":67,"column":24}},"loc":{"start":{"line":67,"column":34},"end":{"line":72,"column":5}},"line":67}},"branchMap":{"0":{"loc":{"start":{"line":9,"column":4},"end":{"line":15,"column":5}},"type":"if","locations":[{"start":{"line":9,"column":4},"end":{"line":15,"column":5}},{"start":{},"end":{}}],"line":9},"1":{"loc":{"start":{"line":9,"column":8},"end":{"line":9,"column":45}},"type":"binary-expr","locations":[{"start":{"line":9,"column":8},"end":{"line":9,"column":22}},{"start":{"line":9,"column":26},"end":{"line":9,"column":45}}],"line":9},"2":{"loc":{"start":{"line":32,"column":4},"end":{"line":38,"column":5}},"type":"if","locations":[{"start":{"line":32,"column":4},"end":{"line":38,"column":5}},{"start":{},"end":{}}],"line":32},"3":{"loc":{"start":{"line":32,"column":8},"end":{"line":32,"column":45}},"type":"binary-expr","locations":[{"start":{"line":32,"column":8},"end":{"line":32,"column":22}},{"start":{"line":32,"column":26},"end":{"line":32,"column":45}}],"line":32},"4":{"loc":{"start":{"line":63,"column":4},"end":{"line":65,"column":5}},"type":"if","locations":[{"start":{"line":63,"column":4},"end":{"line":65,"column":5}},{"start":{},"end":{}}],"line":63},"5":{"loc":{"start":{"line":71,"column":26},"end":{"line":71,"column":89}},"type":"cond-expr","locations":[{"start":{"line":71,"column":56},"end":{"line":71,"column":69}},{"start":{"line":71,"column":72},"end":{"line":71,"column":89}}],"line":71}},"s":{"0":1,"1":1,"2":1,"3":3,"4":0,"5":3,"6":3,"7":3,"8":1,"9":2,"10":0,"11":2,"12":2,"13":2,"14":1,"15":0,"16":1,"17":0,"18":0,"19":0,"20":0,"21":1},"f":{"0":3,"1":2,"2":0,"3":0,"4":0},"b":{"0":[0,3],"1":[3,3],"2":[0,2],"3":[2,2],"4":[0,0],"5":[0,0]},"_coverageSchema":"1a1c01bbd47fc00a2c39e90264f33305004495a9","hash":"7e841a680688c2ac55395c4b2095ff4d5494cea4"}
}
