TN:
SF:src\utils\gstHelper.js
FN:8,(anonymous_0)
FN:31,(anonymous_1)
FN:55,(anonymous_2)
FN:62,(anonymous_3)
FN:67,(anonymous_4)
FNF:5
FNH:2
FNDA:3,(anonymous_0)
FNDA:2,(anonymous_1)
FNDA:0,(anonymous_2)
FNDA:0,(anonymous_3)
FNDA:0,(anonymous_4)
DA:1,1
DA:3,1
DA:8,1
DA:9,3
DA:10,0
DA:17,3
DA:18,3
DA:20,3
DA:31,1
DA:32,2
DA:33,0
DA:41,2
DA:42,2
DA:44,2
DA:55,1
DA:56,0
DA:62,1
DA:63,0
DA:64,0
DA:67,0
DA:75,1
LF:21
LH:15
BRDA:9,0,0,0
BRDA:9,0,1,3
BRDA:9,1,0,3
BRDA:9,1,1,3
BRDA:32,2,0,0
BRDA:32,2,1,2
BRDA:32,3,0,2
BRDA:32,3,1,2
BRDA:63,4,0,0
BRDA:63,4,1,0
BRDA:71,5,0,0
BRDA:71,5,1,0
BRF:12
BRH:6
end_of_record
